<?xml version="1.0" encoding="UTF-8"?>
<testsuites tests="52" failures="0" disabled="1" errors="0" time="0.258" timestamp="2025-09-28T10:40:30.453" name="AllTests">
  <testsuite name="ClientUtility" tests="2" failures="0" disabled="0" skipped="0" errors="0" time="0.001" timestamp="2025-09-28T10:40:30.453">
    <testcase name="JsonParser" status="run" result="completed" time="0.001" timestamp="2025-09-28T10:40:30.453" classname="ClientUtility" />
    <testcase name="TextAreaParser" status="run" result="completed" time="0" timestamp="2025-09-28T10:40:30.455" classname="ClientUtility" />
  </testsuite>
  <testsuite name="CoreUtility" tests="3" failures="0" disabled="0" skipped="0" errors="0" time="0" timestamp="2025-09-28T10:40:30.455">
    <testcase name="FindRectangles" status="run" result="completed" time="0" timestamp="2025-09-28T10:40:30.455" classname="CoreUtility" />
    <testcase name="MergeRectangles" status="run" result="completed" time="0" timestamp="2025-09-28T10:40:30.455" classname="CoreUtility" />
    <testcase name="CycleIterator" status="run" result="completed" time="0" timestamp="2025-09-28T10:40:30.455" classname="CoreUtility" />
  </testsuite>
  <testsuite name="CPP" tests="3" failures="0" disabled="0" skipped="0" errors="0" time="0" timestamp="2025-09-28T10:40:30.455">
    <testcase name="CRTP" status="run" result="completed" time="0" timestamp="2025-09-28T10:40:30.455" classname="CPP" />
    <testcase name="Move" status="run" result="completed" time="0" timestamp="2025-09-28T10:40:30.455" classname="CPP" />
    <testcase name="NestedForLoops" status="run" result="completed" time="0" timestamp="2025-09-28T10:40:30.455" classname="CPP" />
  </testsuite>
  <testsuite name="Pattern" tests="2" failures="0" disabled="0" skipped="0" errors="0" time="0" timestamp="2025-09-28T10:40:30.455">
    <testcase name="Composite" status="run" result="completed" time="0" timestamp="2025-09-28T10:40:30.455" classname="Pattern" />
    <testcase name="Locator" status="run" result="completed" time="0" timestamp="2025-09-28T10:40:30.455" classname="Pattern" />
  </testsuite>
  <testsuite name="SDL3" tests="1" failures="0" disabled="0" skipped="0" errors="0" time="0.144" timestamp="2025-09-28T10:40:30.455">
    <testcase name="Initialize" status="run" result="completed" time="0.143" timestamp="2025-09-28T10:40:30.455" classname="SDL3" />
  </testsuite>
  <testsuite name="DISABLED_App" tests="1" failures="0" disabled="1" skipped="0" errors="0" time="0" timestamp="1970-01-01T09:00:00.000">
    <testcase name="MultipleAppExcute" status="notrun" result="suppressed" time="0" timestamp="1970-01-01T09:00:00.000" classname="DISABLED_App" />
  </testsuite>
  <testsuite name="BasicComponent" tests="5" failures="0" disabled="0" skipped="0" errors="0" time="0.024" timestamp="2025-09-28T10:40:30.599">
    <testcase name="PatchTextureStd1" status="run" result="completed" time="0.003" timestamp="2025-09-28T10:40:30.599" classname="BasicComponent" />
    <testcase name="PatchTextureStd3_Horizontal" status="run" result="completed" time="0.005" timestamp="2025-09-28T10:40:30.603" classname="BasicComponent" />
    <testcase name="PatchTextureStd3_Vertical" status="run" result="completed" time="0.005" timestamp="2025-09-28T10:40:30.608" classname="BasicComponent" />
    <testcase name="PatchTextureStd9" status="run" result="completed" time="0.005" timestamp="2025-09-28T10:40:30.613" classname="BasicComponent" />
    <testcase name="TextArea" status="run" result="completed" time="0.003" timestamp="2025-09-28T10:40:30.619" classname="BasicComponent" />
  </testsuite>
  <testsuite name="ComplexComponent" tests="5" failures="0" disabled="0" skipped="0" errors="0" time="0.019" timestamp="2025-09-28T10:40:30.623">
    <testcase name="ListArea" status="run" result="completed" time="0.007" timestamp="2025-09-28T10:40:30.623" classname="ComplexComponent" />
    <testcase name="ListAreaToolMode" status="run" result="completed" time="0.001" timestamp="2025-09-28T10:40:30.631" classname="ComplexComponent" />
    <testcase name="RenderTexture" status="run" result="completed" time="0.003" timestamp="2025-09-28T10:40:30.632" classname="ComplexComponent" />
    <testcase name="ScrollBar" status="run" result="completed" time="0.003" timestamp="2025-09-28T10:40:30.636" classname="ComplexComponent" />
    <testcase name="Switcher_Scroll" status="run" result="completed" time="0.003" timestamp="2025-09-28T10:40:30.639" classname="ComplexComponent" />
  </testsuite>
  <testsuite name="ContainerComponent" tests="3" failures="0" disabled="0" skipped="0" errors="0" time="0.016" timestamp="2025-09-28T10:40:30.643">
    <testcase name="Container_PatchTextureStd1" status="run" result="completed" time="0.003" timestamp="2025-09-28T10:40:30.643" classname="ContainerComponent" />
    <testcase name="Container_PatchTextureStd3_Horizontal" status="run" result="completed" time="0.006" timestamp="2025-09-28T10:40:30.646" classname="ContainerComponent" />
    <testcase name="Container_PatchTextureStd3_Vertical" status="run" result="completed" time="0.006" timestamp="2025-09-28T10:40:30.652" classname="ContainerComponent" />
  </testsuite>
  <testsuite name="Integration" tests="14" failures="0" disabled="0" skipped="0" errors="0" time="0.018" timestamp="2025-09-28T10:40:30.659">
    <testcase name="AttachDetachNoModuleTest" status="run" result="completed" time="0.001" timestamp="2025-09-28T10:40:30.659" classname="Integration" />
    <testcase name="AttachDetachTest" status="run" result="completed" time="0.001" timestamp="2025-09-28T10:40:30.660" classname="Integration" />
    <testcase name="DetachThenNameTest" status="run" result="completed" time="0.001" timestamp="2025-09-28T10:40:30.662" classname="Integration" />
    <testcase name="Clone" status="run" result="completed" time="0.001" timestamp="2025-09-28T10:40:30.663" classname="Integration" />
    <testcase name="GetComponent" status="run" result="completed" time="0" timestamp="2025-09-28T10:40:30.664" classname="Integration" />
    <testcase name="GetComponents" status="run" result="completed" time="0" timestamp="2025-09-28T10:40:30.665" classname="Integration" />
    <testcase name="GetPosition" status="run" result="completed" time="0.001" timestamp="2025-09-28T10:40:30.666" classname="Integration" />
    <testcase name="MatchesRenderOrder" status="run" result="completed" time="0.001" timestamp="2025-09-28T10:40:30.667" classname="Integration" />
    <testcase name="RecursivePosition" status="run" result="completed" time="0" timestamp="2025-09-28T10:40:30.668" classname="Integration" />
    <testcase name="Region" status="run" result="completed" time="0" timestamp="2025-09-28T10:40:30.669" classname="Integration" />
    <testcase name="Rename" status="run" result="completed" time="0.001" timestamp="2025-09-28T10:40:30.670" classname="Integration" />
    <testcase name="RenameRegion" status="run" result="completed" time="0" timestamp="2025-09-28T10:40:30.671" classname="Integration" />
    <testcase name="UINameGenerator" status="run" result="completed" time="0.001" timestamp="2025-09-28T10:40:30.672" classname="Integration" />
    <testcase name="UniqueName" status="run" result="completed" time="0.004" timestamp="2025-09-28T10:40:30.673" classname="Integration" />
  </testsuite>
  <testsuite name="TextureResourceBinderTest" tests="2" failures="0" disabled="0" skipped="0" errors="0" time="0.005" timestamp="2025-09-28T10:40:30.677">
    <testcase name="BasicOperations" status="run" result="completed" time="0.004" timestamp="2025-09-28T10:40:30.678" classname="TextureResourceBinderTest" />
    <testcase name="TextureFileLoading" status="run" result="completed" time="0.001" timestamp="2025-09-28T10:40:30.682" classname="TextureResourceBinderTest" />
  </testsuite>
  <testsuite name="TextureSwitcherComponent" tests="4" failures="0" disabled="0" skipped="0" errors="0" time="0.016" timestamp="2025-09-28T10:40:30.683">
    <testcase name="TextureSwitcher_PatchTextureLite1" status="run" result="completed" time="0.003" timestamp="2025-09-28T10:40:30.683" classname="TextureSwitcherComponent" />
    <testcase name="TextureSwitcher_PatchTextureLite3_H" status="run" result="completed" time="0.004" timestamp="2025-09-28T10:40:30.686" classname="TextureSwitcherComponent" />
    <testcase name="TextureSwitcher_PatchTextureLite3_V" status="run" result="completed" time="0.003" timestamp="2025-09-28T10:40:30.690" classname="TextureSwitcherComponent" />
    <testcase name="TextureSwitcher_PatchTextureLite9" status="run" result="completed" time="0.005" timestamp="2025-09-28T10:40:30.694" classname="TextureSwitcherComponent" />
  </testsuite>
  <testsuite name="TracyBenchmark" tests="1" failures="0" disabled="0" skipped="0" errors="0" time="0.002" timestamp="2025-09-28T10:40:30.700">
    <testcase name="MakeListAreaData" status="run" result="completed" time="0.002" timestamp="2025-09-28T10:40:30.700" classname="TracyBenchmark" />
  </testsuite>
  <testsuite name="UIModuleConnection" tests="2" failures="0" disabled="0" skipped="0" errors="0" time="0.004" timestamp="2025-09-28T10:40:30.703">
    <testcase name="AttachUIModuleToRenderTexture" status="run" result="completed" time="0.002" timestamp="2025-09-28T10:40:30.703" classname="UIModuleConnection" />
    <testcase name="UIModuleAsComponent" status="run" result="completed" time="0.001" timestamp="2025-09-28T10:40:30.705" classname="UIModuleConnection" />
  </testsuite>
  <testsuite name="UndoRedo" tests="4" failures="0" disabled="0" skipped="0" errors="0" time="0.004" timestamp="2025-09-28T10:40:30.707">
    <testcase name="TextureResourceBinder" status="run" result="completed" time="0.001" timestamp="2025-09-28T10:40:30.707" classname="UndoRedo" />
    <testcase name="UI_PatchTextureStd1" status="run" result="completed" time="0.001" timestamp="2025-09-28T10:40:30.709" classname="UndoRedo" />
    <testcase name="UI_PatchTextureStd9" status="run" result="completed" time="0.001" timestamp="2025-09-28T10:40:30.710" classname="UndoRedo" />
    <testcase name="UI_TextureSwitcher" status="run" result="completed" time="0" timestamp="2025-09-28T10:40:30.711" classname="UndoRedo" />
  </testsuite>
</testsuites>
