<?xml version="1.0" encoding="UTF-8"?>
<testsuites tests="39" failures="0" disabled="0" errors="0" time="0.421" timestamp="2025-10-07T18:33:18.627" name="AllTests">
  <testsuite name="BasicComponent" tests="5" failures="0" disabled="0" skipped="0" errors="0" time="0.091" timestamp="2025-10-07T18:33:18.627">
    <testcase name="PatchTextureStd1" status="run" result="completed" time="0.011" timestamp="2025-10-07T18:33:18.627" classname="BasicComponent" />
    <testcase name="PatchTextureStd3_Horizontal" status="run" result="completed" time="0.018" timestamp="2025-10-07T18:33:18.639" classname="BasicComponent" />
    <testcase name="PatchTextureStd3_Vertical" status="run" result="completed" time="0.018" timestamp="2025-10-07T18:33:18.658" classname="BasicComponent" />
    <testcase name="PatchTextureStd9" status="run" result="completed" time="0.026" timestamp="2025-10-07T18:33:18.676" classname="BasicComponent" />
    <testcase name="TextArea" status="run" result="completed" time="0.015" timestamp="2025-10-07T18:33:18.703" classname="BasicComponent" />
  </testsuite>
  <testsuite name="ComplexComponent" tests="5" failures="0" disabled="0" skipped="0" errors="0" time="0.073" timestamp="2025-10-07T18:33:18.719">
    <testcase name="ListArea" status="run" result="completed" time="0.025" timestamp="2025-10-07T18:33:18.719" classname="ComplexComponent" />
    <testcase name="ListAreaToolMode" status="run" result="completed" time="0.004" timestamp="2025-10-07T18:33:18.745" classname="ComplexComponent" />
    <testcase name="RenderTexture" status="run" result="completed" time="0.01" timestamp="2025-10-07T18:33:18.749" classname="ComplexComponent" />
    <testcase name="ScrollBar" status="run" result="completed" time="0.014" timestamp="2025-10-07T18:33:18.760" classname="ComplexComponent" />
    <testcase name="Switcher_Scroll" status="run" result="completed" time="0.017" timestamp="2025-10-07T18:33:18.775" classname="ComplexComponent" />
  </testsuite>
  <testsuite name="ContainerComponent" tests="3" failures="0" disabled="0" skipped="0" errors="0" time="0.054" timestamp="2025-10-07T18:33:18.792">
    <testcase name="Container_PatchTextureStd1" status="run" result="completed" time="0.011" timestamp="2025-10-07T18:33:18.792" classname="ContainerComponent" />
    <testcase name="Container_PatchTextureStd3_Horizontal" status="run" result="completed" time="0.021" timestamp="2025-10-07T18:33:18.804" classname="ContainerComponent" />
    <testcase name="Container_PatchTextureStd3_Vertical" status="run" result="completed" time="0.021" timestamp="2025-10-07T18:33:18.825" classname="ContainerComponent" />
  </testsuite>
  <testsuite name="Integration" tests="14" failures="0" disabled="0" skipped="0" errors="0" time="0.069" timestamp="2025-10-07T18:33:18.847">
    <testcase name="AttachDetachNoModuleTest" status="run" result="completed" time="0.004" timestamp="2025-10-07T18:33:18.847" classname="Integration" />
    <testcase name="AttachDetachTest" status="run" result="completed" time="0.004" timestamp="2025-10-07T18:33:18.851" classname="Integration" />
    <testcase name="DetachThenNameTest" status="run" result="completed" time="0.004" timestamp="2025-10-07T18:33:18.855" classname="Integration" />
    <testcase name="Clone" status="run" result="completed" time="0.005" timestamp="2025-10-07T18:33:18.860" classname="Integration" />
    <testcase name="GetComponent" status="run" result="completed" time="0.004" timestamp="2025-10-07T18:33:18.865" classname="Integration" />
    <testcase name="GetComponents" status="run" result="completed" time="0.004" timestamp="2025-10-07T18:33:18.869" classname="Integration" />
    <testcase name="GetPosition" status="run" result="completed" time="0.004" timestamp="2025-10-07T18:33:18.874" classname="Integration" />
    <testcase name="MatchesRenderOrder" status="run" result="completed" time="0.004" timestamp="2025-10-07T18:33:18.878" classname="Integration" />
    <testcase name="RecursivePosition" status="run" result="completed" time="0.004" timestamp="2025-10-07T18:33:18.883" classname="Integration" />
    <testcase name="Region" status="run" result="completed" time="0.004" timestamp="2025-10-07T18:33:18.887" classname="Integration" />
    <testcase name="Rename" status="run" result="completed" time="0.004" timestamp="2025-10-07T18:33:18.892" classname="Integration" />
    <testcase name="RenameRegion" status="run" result="completed" time="0.004" timestamp="2025-10-07T18:33:18.896" classname="Integration" />
    <testcase name="UINameGenerator" status="run" result="completed" time="0.004" timestamp="2025-10-07T18:33:18.900" classname="Integration" />
    <testcase name="UniqueName" status="run" result="completed" time="0.011" timestamp="2025-10-07T18:33:18.905" classname="Integration" />
  </testsuite>
  <testsuite name="TextureResourceBinderTest" tests="2" failures="0" disabled="0" skipped="0" errors="0" time="0.027" timestamp="2025-10-07T18:33:18.916">
    <testcase name="BasicOperations" status="run" result="completed" time="0.022" timestamp="2025-10-07T18:33:18.916" classname="TextureResourceBinderTest" />
    <testcase name="TextureFileLoading" status="run" result="completed" time="0.004" timestamp="2025-10-07T18:33:18.939" classname="TextureResourceBinderTest" />
  </testsuite>
  <testsuite name="TextureSwitcherComponent" tests="4" failures="0" disabled="0" skipped="0" errors="0" time="0.069" timestamp="2025-10-07T18:33:18.943">
    <testcase name="TextureSwitcher_PatchTextureLite1" status="run" result="completed" time="0.012" timestamp="2025-10-07T18:33:18.943" classname="TextureSwitcherComponent" />
    <testcase name="TextureSwitcher_PatchTextureLite3_H" status="run" result="completed" time="0.016" timestamp="2025-10-07T18:33:18.956" classname="TextureSwitcherComponent" />
    <testcase name="TextureSwitcher_PatchTextureLite3_V" status="run" result="completed" time="0.015" timestamp="2025-10-07T18:33:18.973" classname="TextureSwitcherComponent" />
    <testcase name="TextureSwitcher_PatchTextureLite9" status="run" result="completed" time="0.024" timestamp="2025-10-07T18:33:18.988" classname="TextureSwitcherComponent" />
  </testsuite>
  <testsuite name="UIModuleConnection" tests="2" failures="0" disabled="0" skipped="0" errors="0" time="0.016" timestamp="2025-10-07T18:33:19.013">
    <testcase name="AttachUIModuleToRenderTexture" status="run" result="completed" time="0.008" timestamp="2025-10-07T18:33:19.013" classname="UIModuleConnection" />
    <testcase name="UIModuleAsComponent" status="run" result="completed" time="0.007" timestamp="2025-10-07T18:33:19.021" classname="UIModuleConnection" />
  </testsuite>
  <testsuite name="UndoRedo" tests="4" failures="0" disabled="0" skipped="0" errors="0" time="0.019" timestamp="2025-10-07T18:33:19.029">
    <testcase name="TextureResourceBinder" status="run" result="completed" time="0.005" timestamp="2025-10-07T18:33:19.029" classname="UndoRedo" />
    <testcase name="UI_PatchTextureStd1" status="run" result="completed" time="0.004" timestamp="2025-10-07T18:33:19.034" classname="UndoRedo" />
    <testcase name="UI_PatchTextureStd9" status="run" result="completed" time="0.004" timestamp="2025-10-07T18:33:19.039" classname="UndoRedo" />
    <testcase name="UI_TextureSwitcher" status="run" result="completed" time="0.004" timestamp="2025-10-07T18:33:19.044" classname="UndoRedo" />
  </testsuite>
</testsuites>
