<?xml version="1.0" encoding="UTF-8"?>
<testsuites tests="183" failures="0" disabled="0" errors="0" time="0.533" timestamp="2025-12-02T12:37:43.671" name="AllTests">
  <testsuite name="EventDispatcherManagerT" tests="2" failures="0" disabled="0" skipped="0" errors="0" time="0" timestamp="2025-12-02T12:37:43.671">
    <testcase name="Dispatch" status="run" result="completed" time="0" timestamp="2025-12-02T12:37:43.671" classname="EventDispatcherManagerT" />
    <testcase name="Clear" status="run" result="completed" time="0" timestamp="2025-12-02T12:37:43.672" classname="EventDispatcherManagerT" />
  </testsuite>
  <testsuite name="SceneManagerT" tests="1" failures="0" disabled="0" skipped="0" errors="0" time="0" timestamp="2025-12-02T12:37:43.672">
    <testcase name="Transition" status="run" result="completed" time="0" timestamp="2025-12-02T12:37:43.672" classname="SceneManagerT" />
  </testsuite>
  <testsuite name="TexResCommandHistoryT" tests="8" failures="0" disabled="0" skipped="0" errors="0" time="0" timestamp="2025-12-02T12:37:43.672">
    <testcase name="AddFontKey" status="run" result="completed" time="0" timestamp="2025-12-02T12:37:43.672" classname="TexResCommandHistoryT" />
    <testcase name="AddTextureKey" status="run" result="completed" time="0" timestamp="2025-12-02T12:37:43.673" classname="TexResCommandHistoryT" />
    <testcase name="ModifyTextureSourceInfo" status="run" result="completed" time="0" timestamp="2025-12-02T12:37:43.673" classname="TexResCommandHistoryT" />
    <testcase name="RemoveFontKey" status="run" result="completed" time="0" timestamp="2025-12-02T12:37:43.673" classname="TexResCommandHistoryT" />
    <testcase name="RemoveKeyByFilename" status="run" result="completed" time="0" timestamp="2025-12-02T12:37:43.673" classname="TexResCommandHistoryT" />
    <testcase name="RemoveTextureKey" status="run" result="completed" time="0" timestamp="2025-12-02T12:37:43.673" classname="TexResCommandHistoryT" />
    <testcase name="RenameFontKey" status="run" result="completed" time="0" timestamp="2025-12-02T12:37:43.673" classname="TexResCommandHistoryT" />
    <testcase name="RenameTextureKey" status="run" result="completed" time="0" timestamp="2025-12-02T12:37:43.673" classname="TexResCommandHistoryT" />
  </testsuite>
  <testsuite name="UICommandHistoryT_PatchTextureStd1" tests="8" failures="0" disabled="0" skipped="0" errors="0" time="0.002" timestamp="2025-12-02T12:37:43.673">
    <testcase name="AttachComponent" status="run" result="completed" time="0" timestamp="2025-12-02T12:37:43.673" classname="UICommandHistoryT_PatchTextureStd1" />
    <testcase name="ChangeRelativePosition" status="run" result="completed" time="0" timestamp="2025-12-02T12:37:43.674" classname="UICommandHistoryT_PatchTextureStd1" />
    <testcase name="SetSize" status="run" result="completed" time="0" timestamp="2025-12-02T12:37:43.674" classname="UICommandHistoryT_PatchTextureStd1" />
    <testcase name="RenameRegion" status="run" result="completed" time="0" timestamp="2025-12-02T12:37:43.675" classname="UICommandHistoryT_PatchTextureStd1" />
    <testcase name="Rename" status="run" result="completed" time="0" timestamp="2025-12-02T12:37:43.675" classname="UICommandHistoryT_PatchTextureStd1" />
    <testcase name="DetachComponent" status="run" result="completed" time="0" timestamp="2025-12-02T12:37:43.675" classname="UICommandHistoryT_PatchTextureStd1" />
    <testcase name="FitToTextureSource" status="run" result="completed" time="0" timestamp="2025-12-02T12:37:43.676" classname="UICommandHistoryT_PatchTextureStd1" />
    <testcase name="ChangeBindKey" status="run" result="completed" time="0" timestamp="2025-12-02T12:37:43.676" classname="UICommandHistoryT_PatchTextureStd1" />
  </testsuite>
  <testsuite name="TextureLoadBinderT" tests="1" failures="0" disabled="0" skipped="0" errors="0" time="0" timestamp="2025-12-02T12:37:43.676">
    <testcase name="LoadTexture" status="run" result="completed" time="0" timestamp="2025-12-02T12:37:43.676" classname="TextureLoadBinderT" />
  </testsuite>
  <testsuite name="TextureResourceBinderT" tests="8" failures="0" disabled="0" skipped="0" errors="0" time="0.002" timestamp="2025-12-02T12:37:43.676">
    <testcase name="ComputeSliceRects" status="run" result="completed" time="0" timestamp="2025-12-02T12:37:43.676" classname="TextureResourceBinderT" />
    <testcase name="GetAreas" status="run" result="completed" time="0" timestamp="2025-12-02T12:37:43.677" classname="TextureResourceBinderT" />
    <testcase name="GetBindingKey" status="run" result="completed" time="0" timestamp="2025-12-02T12:37:43.677" classname="TextureResourceBinderT" />
    <testcase name="GetTextureKeys" status="run" result="completed" time="0" timestamp="2025-12-02T12:37:43.677" classname="TextureResourceBinderT" />
    <testcase name="RenameFontKey" status="run" result="completed" time="0" timestamp="2025-12-02T12:37:43.677" classname="TextureResourceBinderT" />
    <testcase name="RenameTextureKey" status="run" result="completed" time="0" timestamp="2025-12-02T12:37:43.677" classname="TextureResourceBinderT" />
    <testcase name="RemoveKeyByFilename" status="run" result="completed" time="0" timestamp="2025-12-02T12:37:43.677" classname="TextureResourceBinderT" />
    <testcase name="WriteRead" status="run" result="completed" time="0.001" timestamp="2025-12-02T12:37:43.677" classname="TextureResourceBinderT" />
  </testsuite>
  <testsuite name="ContainerT" tests="3" failures="0" disabled="0" skipped="0" errors="0" time="0.002" timestamp="2025-12-02T12:37:43.678">
    <testcase name="Clone" status="run" result="completed" time="0" timestamp="2025-12-02T12:37:43.678" classname="ContainerT" />
    <testcase name="Render" status="run" result="completed" time="0" timestamp="2025-12-02T12:37:43.679" classname="ContainerT" />
    <testcase name="WriteAndRead" status="run" result="completed" time="0.001" timestamp="2025-12-02T12:37:43.679" classname="ContainerT" />
  </testsuite>
  <testsuite name="ListAreaT" tests="11" failures="0" disabled="0" skipped="0" errors="0" time="0.026" timestamp="2025-12-02T12:37:43.681">
    <testcase name="ClearContainers" status="run" result="completed" time="0.001" timestamp="2025-12-02T12:37:43.681" classname="ListAreaT" />
    <testcase name="Clone" status="run" result="completed" time="0" timestamp="2025-12-02T12:37:43.682" classname="ListAreaT" />
    <testcase name="GetContainer" status="run" result="completed" time="0" timestamp="2025-12-02T12:37:43.683" classname="ListAreaT" />
    <testcase name="GetContainerCount" status="run" result="completed" time="0.001" timestamp="2025-12-02T12:37:43.684" classname="ListAreaT" />
    <testcase name="GetSize" status="run" result="completed" time="0" timestamp="2025-12-02T12:37:43.685" classname="ListAreaT" />
    <testcase name="PrepareContainer" status="run" result="completed" time="0" timestamp="2025-12-02T12:37:43.685" classname="ListAreaT" />
    <testcase name="RemoveContainer" status="run" result="completed" time="0" timestamp="2025-12-02T12:37:43.686" classname="ListAreaT" />
    <testcase name="Render" status="run" result="completed" time="0.001" timestamp="2025-12-02T12:37:43.687" classname="ListAreaT" />
    <testcase name="ScrollBarVisible_ChangeSize" status="run" result="completed" time="0.001" timestamp="2025-12-02T12:37:43.689" classname="ListAreaT" />
    <testcase name="ScrollBarVisible_InsertData" status="run" result="completed" time="0.001" timestamp="2025-12-02T12:37:43.691" classname="ListAreaT" />
    <testcase name="WriteAndRead" status="run" result="completed" time="0.015" timestamp="2025-12-02T12:37:43.692" classname="ListAreaT" />
  </testsuite>
  <testsuite name="PatchTextureLite1T" tests="6" failures="0" disabled="0" skipped="0" errors="0" time="0.001" timestamp="2025-12-02T12:37:43.707">
    <testcase name="BindSourceInfo" status="run" result="completed" time="0" timestamp="2025-12-02T12:37:43.707" classname="PatchTextureLite1T" />
    <testcase name="Clone" status="run" result="completed" time="0" timestamp="2025-12-02T12:37:43.708" classname="PatchTextureLite1T" />
    <testcase name="FitToTextureSource" status="run" result="completed" time="0" timestamp="2025-12-02T12:37:43.708" classname="PatchTextureLite1T" />
    <testcase name="GetCenterComponent" status="run" result="completed" time="0" timestamp="2025-12-02T12:37:43.708" classname="PatchTextureLite1T" />
    <testcase name="GetTextureSlice" status="run" result="completed" time="0" timestamp="2025-12-02T12:37:43.708" classname="PatchTextureLite1T" />
    <testcase name="Render" status="run" result="completed" time="0" timestamp="2025-12-02T12:37:43.708" classname="PatchTextureLite1T" />
  </testsuite>
  <testsuite name="PatchTextureLite3T_Horizontal" tests="7" failures="0" disabled="0" skipped="0" errors="0" time="0.001" timestamp="2025-12-02T12:37:43.709">
    <testcase name="BindSourceInfo" status="run" result="completed" time="0" timestamp="2025-12-02T12:37:43.709" classname="PatchTextureLite3T_Horizontal" />
    <testcase name="Clone" status="run" result="completed" time="0" timestamp="2025-12-02T12:37:43.709" classname="PatchTextureLite3T_Horizontal" />
    <testcase name="ChangeSize_Bigger" status="run" result="completed" time="0" timestamp="2025-12-02T12:37:43.709" classname="PatchTextureLite3T_Horizontal" />
    <testcase name="FitToTextureSource" status="run" result="completed" time="0" timestamp="2025-12-02T12:37:43.709" classname="PatchTextureLite3T_Horizontal" />
    <testcase name="GetCenterComponent" status="run" result="completed" time="0" timestamp="2025-12-02T12:37:43.710" classname="PatchTextureLite3T_Horizontal" />
    <testcase name="GetTextureSlice" status="run" result="completed" time="0" timestamp="2025-12-02T12:37:43.710" classname="PatchTextureLite3T_Horizontal" />
    <testcase name="Render" status="run" result="completed" time="0" timestamp="2025-12-02T12:37:43.710" classname="PatchTextureLite3T_Horizontal" />
  </testsuite>
  <testsuite name="PatchTextureLite3T_Vertical" tests="7" failures="0" disabled="0" skipped="0" errors="0" time="0.001" timestamp="2025-12-02T12:37:43.710">
    <testcase name="BindSourceInfo" status="run" result="completed" time="0" timestamp="2025-12-02T12:37:43.710" classname="PatchTextureLite3T_Vertical" />
    <testcase name="Clone" status="run" result="completed" time="0" timestamp="2025-12-02T12:37:43.711" classname="PatchTextureLite3T_Vertical" />
    <testcase name="ChangeSize_Bigger" status="run" result="completed" time="0" timestamp="2025-12-02T12:37:43.711" classname="PatchTextureLite3T_Vertical" />
    <testcase name="FitToTextureSource" status="run" result="completed" time="0" timestamp="2025-12-02T12:37:43.711" classname="PatchTextureLite3T_Vertical" />
    <testcase name="GetCenterComponent" status="run" result="completed" time="0" timestamp="2025-12-02T12:37:43.711" classname="PatchTextureLite3T_Vertical" />
    <testcase name="GetTextureSlice" status="run" result="completed" time="0" timestamp="2025-12-02T12:37:43.711" classname="PatchTextureLite3T_Vertical" />
    <testcase name="Render" status="run" result="completed" time="0" timestamp="2025-12-02T12:37:43.712" classname="PatchTextureLite3T_Vertical" />
  </testsuite>
  <testsuite name="PatchTextureLite9T" tests="7" failures="0" disabled="0" skipped="0" errors="0" time="0.002" timestamp="2025-12-02T12:37:43.712">
    <testcase name="BindSourceInfo" status="run" result="completed" time="0" timestamp="2025-12-02T12:37:43.712" classname="PatchTextureLite9T" />
    <testcase name="Clone" status="run" result="completed" time="0" timestamp="2025-12-02T12:37:43.712" classname="PatchTextureLite9T" />
    <testcase name="ChangeSize_Bigger" status="run" result="completed" time="0" timestamp="2025-12-02T12:37:43.713" classname="PatchTextureLite9T" />
    <testcase name="FitToTextureSource" status="run" result="completed" time="0" timestamp="2025-12-02T12:37:43.713" classname="PatchTextureLite9T" />
    <testcase name="GetCenterComponent" status="run" result="completed" time="0" timestamp="2025-12-02T12:37:43.713" classname="PatchTextureLite9T" />
    <testcase name="GetTextureSlice" status="run" result="completed" time="0" timestamp="2025-12-02T12:37:43.714" classname="PatchTextureLite9T" />
    <testcase name="Render" status="run" result="completed" time="0" timestamp="2025-12-02T12:37:43.714" classname="PatchTextureLite9T" />
  </testsuite>
  <testsuite name="PatchTextureStd1T" tests="7" failures="0" disabled="0" skipped="0" errors="0" time="0.001" timestamp="2025-12-02T12:37:43.715">
    <testcase name="ChangeBindKey" status="run" result="completed" time="0" timestamp="2025-12-02T12:37:43.715" classname="PatchTextureStd1T" />
    <testcase name="Clone" status="run" result="completed" time="0" timestamp="2025-12-02T12:37:43.715" classname="PatchTextureStd1T" />
    <testcase name="FitToTextureSource" status="run" result="completed" time="0" timestamp="2025-12-02T12:37:43.715" classname="PatchTextureStd1T" />
    <testcase name="GetCenterComponent" status="run" result="completed" time="0" timestamp="2025-12-02T12:37:43.715" classname="PatchTextureStd1T" />
    <testcase name="GetTextureSlice" status="run" result="completed" time="0" timestamp="2025-12-02T12:37:43.715" classname="PatchTextureStd1T" />
    <testcase name="Render" status="run" result="completed" time="0" timestamp="2025-12-02T12:37:43.716" classname="PatchTextureStd1T" />
    <testcase name="WriteAndRead" status="run" result="completed" time="0" timestamp="2025-12-02T12:37:43.716" classname="PatchTextureStd1T" />
  </testsuite>
  <testsuite name="PatchTextureStd3T_Horizontal" tests="8" failures="0" disabled="0" skipped="0" errors="0" time="0.004" timestamp="2025-12-02T12:37:43.716">
    <testcase name="ChangeBindKey" status="run" result="completed" time="0" timestamp="2025-12-02T12:37:43.716" classname="PatchTextureStd3T_Horizontal" />
    <testcase name="ChangeSize_Bigger" status="run" result="completed" time="0" timestamp="2025-12-02T12:37:43.717" classname="PatchTextureStd3T_Horizontal" />
    <testcase name="Clone" status="run" result="completed" time="0" timestamp="2025-12-02T12:37:43.717" classname="PatchTextureStd3T_Horizontal" />
    <testcase name="FitToTextureSource" status="run" result="completed" time="0" timestamp="2025-12-02T12:37:43.717" classname="PatchTextureStd3T_Horizontal" />
    <testcase name="GetCenterComponent" status="run" result="completed" time="0" timestamp="2025-12-02T12:37:43.717" classname="PatchTextureStd3T_Horizontal" />
    <testcase name="GetTextureSlice" status="run" result="completed" time="0" timestamp="2025-12-02T12:37:43.717" classname="PatchTextureStd3T_Horizontal" />
    <testcase name="Render" status="run" result="completed" time="0" timestamp="2025-12-02T12:37:43.718" classname="PatchTextureStd3T_Horizontal" />
    <testcase name="WriteAndRead" status="run" result="completed" time="0.002" timestamp="2025-12-02T12:37:43.718" classname="PatchTextureStd3T_Horizontal" />
  </testsuite>
  <testsuite name="PatchTextureStd3T_Vertical" tests="7" failures="0" disabled="0" skipped="0" errors="0" time="0.004" timestamp="2025-12-02T12:37:43.721">
    <testcase name="ChangeSize_Bigger" status="run" result="completed" time="0" timestamp="2025-12-02T12:37:43.721" classname="PatchTextureStd3T_Vertical" />
    <testcase name="Clone" status="run" result="completed" time="0" timestamp="2025-12-02T12:37:43.721" classname="PatchTextureStd3T_Vertical" />
    <testcase name="FitToTextureSource" status="run" result="completed" time="0" timestamp="2025-12-02T12:37:43.721" classname="PatchTextureStd3T_Vertical" />
    <testcase name="GetCenterComponent" status="run" result="completed" time="0" timestamp="2025-12-02T12:37:43.722" classname="PatchTextureStd3T_Vertical" />
    <testcase name="GetTextureSlice" status="run" result="completed" time="0" timestamp="2025-12-02T12:37:43.722" classname="PatchTextureStd3T_Vertical" />
    <testcase name="Render" status="run" result="completed" time="0" timestamp="2025-12-02T12:37:43.722" classname="PatchTextureStd3T_Vertical" />
    <testcase name="WriteAndRead" status="run" result="completed" time="0.002" timestamp="2025-12-02T12:37:43.723" classname="PatchTextureStd3T_Vertical" />
  </testsuite>
  <testsuite name="PatchTextureStd9T" tests="8" failures="0" disabled="0" skipped="0" errors="0" time="0.008" timestamp="2025-12-02T12:37:43.726">
    <testcase name="ChangeBindKey" status="run" result="completed" time="0" timestamp="2025-12-02T12:37:43.726" classname="PatchTextureStd9T" />
    <testcase name="ChangeSize_Bigger" status="run" result="completed" time="0" timestamp="2025-12-02T12:37:43.726" classname="PatchTextureStd9T" />
    <testcase name="Clone" status="run" result="completed" time="0" timestamp="2025-12-02T12:37:43.726" classname="PatchTextureStd9T" />
    <testcase name="FitToTextureSource" status="run" result="completed" time="0" timestamp="2025-12-02T12:37:43.727" classname="PatchTextureStd9T" />
    <testcase name="GetCenterComponent" status="run" result="completed" time="0" timestamp="2025-12-02T12:37:43.727" classname="PatchTextureStd9T" />
    <testcase name="GetTextureSlice" status="run" result="completed" time="0" timestamp="2025-12-02T12:37:43.727" classname="PatchTextureStd9T" />
    <testcase name="Render" status="run" result="completed" time="0" timestamp="2025-12-02T12:37:43.728" classname="PatchTextureStd9T" />
    <testcase name="WriteAndRead" status="run" result="completed" time="0.006" timestamp="2025-12-02T12:37:43.728" classname="PatchTextureStd9T" />
  </testsuite>
  <testsuite name="RenderTextureT" tests="5" failures="0" disabled="0" skipped="0" errors="0" time="0.002" timestamp="2025-12-02T12:37:43.735">
    <testcase name="GetSize" status="run" result="completed" time="0" timestamp="2025-12-02T12:37:43.735" classname="RenderTextureT" />
    <testcase name="Clone" status="run" result="completed" time="0" timestamp="2025-12-02T12:37:43.735" classname="RenderTextureT" />
    <testcase name="Clone_NewTexture" status="run" result="completed" time="0" timestamp="2025-12-02T12:37:43.735" classname="RenderTextureT" />
    <testcase name="Render" status="run" result="completed" time="0" timestamp="2025-12-02T12:37:43.735" classname="RenderTextureT" />
    <testcase name="WriteAndRead" status="run" result="completed" time="0.001" timestamp="2025-12-02T12:37:43.736" classname="RenderTextureT" />
  </testsuite>
  <testsuite name="ScrollBarT" tests="7" failures="0" disabled="0" skipped="0" errors="0" time="0.021" timestamp="2025-12-02T12:37:43.737">
    <testcase name="Clone" status="run" result="completed" time="0" timestamp="2025-12-02T12:37:43.737" classname="ScrollBarT" />
    <testcase name="GetSize" status="run" result="completed" time="0" timestamp="2025-12-02T12:37:43.738" classname="ScrollBarT" />
    <testcase name="OnWheel" status="run" result="completed" time="0.014" timestamp="2025-12-02T12:37:43.738" classname="ScrollBarT" />
    <testcase name="OnPressCB_MouseDrag" status="run" result="completed" time="0" timestamp="2025-12-02T12:37:43.753" classname="ScrollBarT" />
    <testcase name="Render" status="run" result="completed" time="0" timestamp="2025-12-02T12:37:43.754" classname="ScrollBarT" />
    <testcase name="RestoreDefault" status="run" result="completed" time="0" timestamp="2025-12-02T12:37:43.754" classname="ScrollBarT" />
    <testcase name="WriteAndRead" status="run" result="completed" time="0.003" timestamp="2025-12-02T12:37:43.755" classname="ScrollBarT" />
  </testsuite>
  <testsuite name="TextAreaT" tests="3" failures="0" disabled="0" skipped="0" errors="0" time="0.001" timestamp="2025-12-02T12:37:43.759">
    <testcase name="Clone" status="run" result="completed" time="0" timestamp="2025-12-02T12:37:43.759" classname="TextAreaT" />
    <testcase name="Render" status="run" result="completed" time="0" timestamp="2025-12-02T12:37:43.759" classname="TextAreaT" />
    <testcase name="WriteAndRead" status="run" result="completed" time="0" timestamp="2025-12-02T12:37:43.760" classname="TextAreaT" />
  </testsuite>
  <testsuite name="TextureSwitcherT" tests="15" failures="0" disabled="0" skipped="0" errors="0" time="0.004" timestamp="2025-12-02T12:37:43.761">
    <testcase name="ChangeBindKey" status="run" result="completed" time="0" timestamp="2025-12-02T12:37:43.761" classname="TextureSwitcherT" />
    <testcase name="ChangeState" status="run" result="completed" time="0" timestamp="2025-12-02T12:37:43.761" classname="TextureSwitcherT" />
    <testcase name="ChangeState_ForceChange" status="run" result="completed" time="0" timestamp="2025-12-02T12:37:43.761" classname="TextureSwitcherT" />
    <testcase name="ClearInteraction" status="run" result="completed" time="0" timestamp="2025-12-02T12:37:43.761" classname="TextureSwitcherT" />
    <testcase name="Clone" status="run" result="completed" time="0" timestamp="2025-12-02T12:37:43.762" classname="TextureSwitcherT" />
    <testcase name="Dispatcher" status="run" result="completed" time="0" timestamp="2025-12-02T12:37:43.762" classname="TextureSwitcherT" />
    <testcase name="FitToTextureSource" status="run" result="completed" time="0" timestamp="2025-12-02T12:37:43.762" classname="TextureSwitcherT" />
    <testcase name="GetSize" status="run" result="completed" time="0" timestamp="2025-12-02T12:37:43.762" classname="TextureSwitcherT" />
    <testcase name="OnNormal" status="run" result="completed" time="0" timestamp="2025-12-02T12:37:43.762" classname="TextureSwitcherT" />
    <testcase name="OnHover" status="run" result="completed" time="0" timestamp="2025-12-02T12:37:43.763" classname="TextureSwitcherT" />
    <testcase name="OnPress" status="run" result="completed" time="0" timestamp="2025-12-02T12:37:43.763" classname="TextureSwitcherT" />
    <testcase name="OnHold" status="run" result="completed" time="0" timestamp="2025-12-02T12:37:43.763" classname="TextureSwitcherT" />
    <testcase name="OnRelease" status="run" result="completed" time="0" timestamp="2025-12-02T12:37:43.763" classname="TextureSwitcherT" />
    <testcase name="Render" status="run" result="completed" time="0" timestamp="2025-12-02T12:37:43.764" classname="TextureSwitcherT" />
    <testcase name="WriteAndRead" status="run" result="completed" time="0" timestamp="2025-12-02T12:37:43.764" classname="TextureSwitcherT" />
  </testsuite>
  <testsuite name="UIModuleAsComponentT" tests="4" failures="0" disabled="0" skipped="0" errors="0" time="0" timestamp="2025-12-02T12:37:43.765">
    <testcase name="GetUIModule" status="run" result="completed" time="0" timestamp="2025-12-02T12:37:43.765" classname="UIModuleAsComponentT" />
    <testcase name="GetSize" status="run" result="completed" time="0" timestamp="2025-12-02T12:37:43.765" classname="UIModuleAsComponentT" />
    <testcase name="Render" status="run" result="completed" time="0" timestamp="2025-12-02T12:37:43.765" classname="UIModuleAsComponentT" />
    <testcase name="Update" status="run" result="completed" time="0" timestamp="2025-12-02T12:37:43.766" classname="UIModuleAsComponentT" />
  </testsuite>
  <testsuite name="BaseTraverserT" tests="3" failures="0" disabled="0" skipped="0" errors="0" time="0.349" timestamp="2025-12-02T12:37:43.766">
    <testcase name="GetChildrenBoundsSize" status="run" result="completed" time="0" timestamp="2025-12-02T12:37:43.766" classname="BaseTraverserT" />
    <testcase name="PickComponents" status="run" result="completed" time="0" timestamp="2025-12-02T12:37:43.766" classname="BaseTraverserT" />
    <testcase name="PickMouseReceivers" status="run" result="completed" time="0" timestamp="2025-12-02T12:37:44.115" classname="BaseTraverserT" />
  </testsuite>
  <testsuite name="DerivedTraverserT" tests="2" failures="0" disabled="0" skipped="0" errors="0" time="0" timestamp="2025-12-02T12:37:44.115">
    <testcase name="EnableToolMode_false" status="run" result="completed" time="0" timestamp="2025-12-02T12:37:44.115" classname="DerivedTraverserT" />
    <testcase name="EnableToolMode_true" status="run" result="completed" time="0" timestamp="2025-12-02T12:37:44.115" classname="DerivedTraverserT" />
  </testsuite>
  <testsuite name="HierarchyTraverserT" tests="2" failures="0" disabled="0" skipped="0" errors="0" time="0" timestamp="2025-12-02T12:37:44.116">
    <testcase name="ForEachChildToRender_BFS" status="run" result="completed" time="0" timestamp="2025-12-02T12:37:44.116" classname="HierarchyTraverserT" />
    <testcase name="ForEachChildToRender_DFS" status="run" result="completed" time="0" timestamp="2025-12-02T12:37:44.116" classname="HierarchyTraverserT" />
  </testsuite>
  <testsuite name="NameTraverserT" tests="15" failures="0" disabled="0" skipped="0" errors="0" time="0.078" timestamp="2025-12-02T12:37:44.116">
    <testcase name="AttachComponent" status="run" result="completed" time="0" timestamp="2025-12-02T12:37:44.116" classname="NameTraverserT" />
    <testcase name="AttachComponent_CloneRegion" status="run" result="completed" time="0" timestamp="2025-12-02T12:37:44.190" classname="NameTraverserT" />
    <testcase name="DetachComponent" status="run" result="completed" time="0" timestamp="2025-12-02T12:37:44.191" classname="NameTraverserT" />
    <testcase name="DetachComponent_CheckRegion" status="run" result="completed" time="0" timestamp="2025-12-02T12:37:44.191" classname="NameTraverserT" />
    <testcase name="FindComponent" status="run" result="completed" time="0" timestamp="2025-12-02T12:37:44.191" classname="NameTraverserT" />
    <testcase name="FindRegionComponent" status="run" result="completed" time="0" timestamp="2025-12-02T12:37:44.191" classname="NameTraverserT" />
    <testcase name="FindRegionComponent_EmptyRegion" status="run" result="completed" time="0" timestamp="2025-12-02T12:37:44.192" classname="NameTraverserT" />
    <testcase name="Rename" status="run" result="completed" time="0" timestamp="2025-12-02T12:37:44.192" classname="NameTraverserT" />
    <testcase name="RenameRegion" status="run" result="completed" time="0" timestamp="2025-12-02T12:37:44.192" classname="NameTraverserT" />
    <testcase name="RenameRegion_ChildName" status="run" result="completed" time="0" timestamp="2025-12-02T12:37:44.192" classname="NameTraverserT" />
    <testcase name="RenameRegion_MergeRegion1" status="run" result="completed" time="0" timestamp="2025-12-02T12:37:44.192" classname="NameTraverserT" />
    <testcase name="RenameRegion_MergeRegion2" status="run" result="completed" time="0" timestamp="2025-12-02T12:37:44.193" classname="NameTraverserT" />
    <testcase name="RenameRegion_Remove" status="run" result="completed" time="0" timestamp="2025-12-02T12:37:44.193" classname="NameTraverserT" />
    <testcase name="RenameRegion_SameRegion" status="run" result="completed" time="0" timestamp="2025-12-02T12:37:44.194" classname="NameTraverserT" />
    <testcase name="RenameRegion_SyncNameGen" status="run" result="completed" time="0" timestamp="2025-12-02T12:37:44.194" classname="NameTraverserT" />
  </testsuite>
  <testsuite name="UIComponentT" tests="12" failures="0" disabled="0" skipped="0" errors="0" time="0.004" timestamp="2025-12-02T12:37:44.194">
    <testcase name="Attach" status="run" result="completed" time="0" timestamp="2025-12-02T12:37:44.194" classname="UIComponentT" />
    <testcase name="Detach" status="run" result="completed" time="0" timestamp="2025-12-02T12:37:44.195" classname="UIComponentT" />
    <testcase name="ChangeOrigin" status="run" result="completed" time="0" timestamp="2025-12-02T12:37:44.195" classname="UIComponentT" />
    <testcase name="ChangeRelativePosition" status="run" result="completed" time="0" timestamp="2025-12-02T12:37:44.195" classname="UIComponentT" />
    <testcase name="ChangeSize_Center" status="run" result="completed" time="0" timestamp="2025-12-02T12:37:44.195" classname="UIComponentT" />
    <testcase name="ChangeSize_LeftTop" status="run" result="completed" time="0" timestamp="2025-12-02T12:37:44.197" classname="UIComponentT" />
    <testcase name="ChangeSize_LockPosOnResize" status="run" result="completed" time="0" timestamp="2025-12-02T12:37:44.197" classname="UIComponentT" />
    <testcase name="GetRoot" status="run" result="completed" time="0" timestamp="2025-12-02T12:37:44.197" classname="UIComponentT" />
    <testcase name="RenderPipeline" status="run" result="completed" time="0" timestamp="2025-12-02T12:37:44.198" classname="UIComponentT" />
    <testcase name="StateFlag_Attach" status="run" result="completed" time="0" timestamp="2025-12-02T12:37:44.198" classname="UIComponentT" />
    <testcase name="StateFlag_Detach" status="run" result="completed" time="0" timestamp="2025-12-02T12:37:44.198" classname="UIComponentT" />
    <testcase name="StateFlag_SizeLocked" status="run" result="completed" time="0" timestamp="2025-12-02T12:37:44.198" classname="UIComponentT" />
  </testsuite>
  <testsuite name="UIModuleT" tests="7" failures="0" disabled="0" skipped="0" errors="0" time="0.004" timestamp="2025-12-02T12:37:44.199">
    <testcase name="UpdateMouseState_ComponentCaptured" status="run" result="completed" time="0" timestamp="2025-12-02T12:37:44.199" classname="UIModuleT" />
    <testcase name="UpdateMouseState_MouseClickedInside" status="run" result="completed" time="0" timestamp="2025-12-02T12:37:44.200" classname="UIModuleT" />
    <testcase name="UpdateMouseState_MouseClickedOutside" status="run" result="completed" time="0" timestamp="2025-12-02T12:37:44.201" classname="UIModuleT" />
    <testcase name="UpdateMouseState_MouseHover" status="run" result="completed" time="0" timestamp="2025-12-02T12:37:44.201" classname="UIModuleT" />
    <testcase name="UpdateMouseState_MouseMove" status="run" result="completed" time="0" timestamp="2025-12-02T12:37:44.202" classname="UIModuleT" />
    <testcase name="UpdateMouseState_MouseWheel" status="run" result="completed" time="0" timestamp="2025-12-02T12:37:44.202" classname="UIModuleT" />
    <testcase name="WriteAndRead" status="run" result="completed" time="0" timestamp="2025-12-02T12:37:44.203" classname="UIModuleT" />
  </testsuite>
  <testsuite name="UINameGeneratorT" tests="9" failures="0" disabled="0" skipped="0" errors="0" time="0" timestamp="2025-12-02T12:37:44.204">
    <testcase name="Clone" status="run" result="completed" time="0" timestamp="2025-12-02T12:37:44.204" classname="UINameGeneratorT" />
    <testcase name="MakeNameOf" status="run" result="completed" time="0" timestamp="2025-12-02T12:37:44.204" classname="UINameGeneratorT" />
    <testcase name="MakeNameOf_EmptyRegion" status="run" result="completed" time="0" timestamp="2025-12-02T12:37:44.204" classname="UINameGeneratorT" />
    <testcase name="MakeRegionOf" status="run" result="completed" time="0" timestamp="2025-12-02T12:37:44.204" classname="UINameGeneratorT" />
    <testcase name="MakeRegionOf_EmptyRegionName" status="run" result="completed" time="0" timestamp="2025-12-02T12:37:44.204" classname="UINameGeneratorT" />
    <testcase name="RecycleName" status="run" result="completed" time="0" timestamp="2025-12-02T12:37:44.204" classname="UINameGeneratorT" />
    <testcase name="RemoveName" status="run" result="completed" time="0" timestamp="2025-12-02T12:37:44.204" classname="UINameGeneratorT" />
    <testcase name="RemoveRegion" status="run" result="completed" time="0" timestamp="2025-12-02T12:37:44.204" classname="UINameGeneratorT" />
    <testcase name="WriteAndRead" status="run" result="completed" time="0" timestamp="2025-12-02T12:37:44.205" classname="UINameGeneratorT" />
  </testsuite>
</testsuites>
