<?xml version="1.0" encoding="UTF-8"?>
<testsuites tests="16" failures="0" disabled="0" errors="0" time="2.099" timestamp="2025-11-05T23:58:34.493" name="AllTests">
  <testsuite name="CPP" tests="4" failures="0" disabled="0" skipped="0" errors="0" time="0" timestamp="2025-11-05T23:58:34.493">
    <testcase name="CRTP" status="run" result="completed" time="0" timestamp="2025-11-05T23:58:34.493" classname="CPP" />
    <testcase name="Move" status="run" result="completed" time="0" timestamp="2025-11-05T23:58:34.493" classname="CPP" />
    <testcase name="NestedForLoops" status="run" result="completed" time="0" timestamp="2025-11-05T23:58:34.493" classname="CPP" />
    <testcase name="RefCounted" status="run" result="completed" time="0" timestamp="2025-11-05T23:58:34.493" classname="CPP" />
  </testsuite>
  <testsuite name="Pattern" tests="2" failures="0" disabled="0" skipped="0" errors="0" time="0" timestamp="2025-11-05T23:58:34.493">
    <testcase name="Composite" status="run" result="completed" time="0" timestamp="2025-11-05T23:58:34.493" classname="Pattern" />
    <testcase name="Locator" status="run" result="completed" time="0" timestamp="2025-11-05T23:58:34.493" classname="Pattern" />
  </testsuite>
  <testsuite name="Application" tests="1" failures="0" disabled="0" skipped="0" errors="0" time="1.591" timestamp="2025-11-05T23:58:34.494">
    <testcase name="MultipleAppExcute" status="run" result="completed" time="1.59" timestamp="2025-11-05T23:58:34.494" classname="Application" />
  </testsuite>
  <testsuite name="TracyBenchmark" tests="1" failures="0" disabled="0" skipped="0" errors="0" time="0.336" timestamp="2025-11-05T23:58:36.085">
    <testcase name="MakeListAreaData" status="run" result="completed" time="0.336" timestamp="2025-11-05T23:58:36.085" classname="TracyBenchmark" />
  </testsuite>
  <testsuite name="DirectXTK12" tests="2" failures="0" disabled="0" skipped="0" errors="0" time="0.169" timestamp="2025-11-05T23:58:36.421">
    <testcase name="Mouse" status="run" result="completed" time="0.004" timestamp="2025-11-05T23:58:36.421" classname="DirectXTK12" />
    <testcase name="Sound" status="run" result="completed" time="0.164" timestamp="2025-11-05T23:58:36.426" classname="DirectXTK12" />
  </testsuite>
  <testsuite name="SDL3" tests="1" failures="0" disabled="0" skipped="0" errors="0" time="0" timestamp="2025-11-05T23:58:36.591">
    <testcase name="Initialize" status="run" result="completed" time="0" timestamp="2025-11-05T23:58:36.591" classname="SDL3" />
  </testsuite>
  <testsuite name="Client" tests="2" failures="0" disabled="0" skipped="0" errors="0" time="0.001" timestamp="2025-11-05T23:58:36.591">
    <testcase name="JsonParser" status="run" result="completed" time="0.001" timestamp="2025-11-05T23:58:36.591" classname="Client" />
    <testcase name="TextAreaParser" status="run" result="completed" time="0" timestamp="2025-11-05T23:58:36.592" classname="Client" />
  </testsuite>
  <testsuite name="Core" tests="3" failures="0" disabled="0" skipped="0" errors="0" time="0" timestamp="2025-11-05T23:58:36.592">
    <testcase name="FindRectangles" status="run" result="completed" time="0" timestamp="2025-11-05T23:58:36.592" classname="Core" />
    <testcase name="MergeRectangles" status="run" result="completed" time="0" timestamp="2025-11-05T23:58:36.592" classname="Core" />
    <testcase name="CycleIterator" status="run" result="completed" time="0" timestamp="2025-11-05T23:58:36.593" classname="Core" />
  </testsuite>
</testsuites>
